  var: [32mhoriz_winds[0m

    case: [36mne1024pg2_ne1024pg2_DY2[0m
      recalculating...
      Loading data (U)...
        f: 000  file: [33m/global/cfs/cdirs/e3sm/terai/SCREAM/v1_production/FourSeasons/ne1024pg2_ne1024pg2_DY2/output.scream.HorizWinds.INSTANT.nhours_x3.2020-01-20-10800.nc[0m
        f: 001  file: [33m/global/cfs/cdirs/e3sm/terai/SCREAM/v1_production/FourSeasons/ne1024pg2_ne1024pg2_DY2/output.scream.HorizWinds.INSTANT.nhours_x3.2020-01-21-10800.nc[0m
        f: 002  file: [33m/global/cfs/cdirs/e3sm/terai/SCREAM/v1_production/FourSeasons/ne1024pg2_ne1024pg2_DY2/output.scream.HorizWinds.INSTANT.nhours_x3.2020-01-22-10800.nc[0m
        f: 003  file: [33m/global/cfs/cdirs/e3sm/terai/SCREAM/v1_production/FourSeasons/ne1024pg2_ne1024pg2_DY2/output.scream.HorizWinds.INSTANT.nhours_x3.2020-01-23-10800.nc[0m
        f: 004  file: [33m/global/cfs/cdirs/e3sm/terai/SCREAM/v1_production/FourSeasons/ne1024pg2_ne1024pg2_DY2/output.scream.HorizWinds.INSTANT.nhours_x3.2020-01-24-10800.nc[0m
        f: 005  file: [33m/global/cfs/cdirs/e3sm/terai/SCREAM/v1_production/FourSeasons/ne1024pg2_ne1024pg2_DY2/output.scream.HorizWinds.INSTANT.nhours_x3.2020-01-25-10800.nc[0m
        f: 006  file: [33m/global/cfs/cdirs/e3sm/terai/SCREAM/v1_production/FourSeasons/ne1024pg2_ne1024pg2_DY2/output.scream.HorizWinds.INSTANT.nhours_x3.2020-01-26-10800.nc[0m
        f: 007  file: [33m/global/cfs/cdirs/e3sm/terai/SCREAM/v1_production/FourSeasons/ne1024pg2_ne1024pg2_DY2/output.scream.HorizWinds.INSTANT.nhours_x3.2020-01-27-10800.nc[0m
        f: 008  file: [33m/global/cfs/cdirs/e3sm/terai/SCREAM/v1_production/FourSeasons/ne1024pg2_ne1024pg2_DY2/output.scream.HorizWinds.INSTANT.nhours_x3.2020-01-28-10800.nc[0m
        f: 009  file: [33m/global/cfs/cdirs/e3sm/terai/SCREAM/v1_production/FourSeasons/ne1024pg2_ne1024pg2_DY2/output.scream.HorizWinds.INSTANT.nhours_x3.2020-01-29-10800.nc[0m
        f: 010  file: [33m/global/cfs/cdirs/e3sm/terai/SCREAM/v1_production/FourSeasons/ne1024pg2_ne1024pg2_DY2/output.scream.HorizWinds.INSTANT.nhours_x3.2020-01-30-10800.nc[0m
        f: 011  file: [33m/global/cfs/cdirs/e3sm/terai/SCREAM/v1_production/FourSeasons/ne1024pg2_ne1024pg2_DY2/output.scream.HorizWinds.INSTANT.nhours_x3.2020-01-31-10800.nc[0m
        f: 012  file: [33m/global/cfs/cdirs/e3sm/terai/SCREAM/v1_production/FourSeasons/ne1024pg2_ne1024pg2_DY2/output.scream.HorizWinds.INSTANT.nhours_x3.2020-02-01-10800.nc[0m
        f: 013  file: [33m/global/cfs/cdirs/e3sm/terai/SCREAM/v1_production/FourSeasons/ne1024pg2_ne1024pg2_DY2/output.scream.HorizWinds.INSTANT.nhours_x3.2020-02-02-10800.nc[0m
        f: 014  file: [33m/global/cfs/cdirs/e3sm/terai/SCREAM/v1_production/FourSeasons/ne1024pg2_ne1024pg2_DY2/output.scream.HorizWinds.INSTANT.nhours_x3.2020-02-03-10800.nc[0m
        f: 015  file: [33m/global/cfs/cdirs/e3sm/terai/SCREAM/v1_production/FourSeasons/ne1024pg2_ne1024pg2_DY2/output.scream.HorizWinds.INSTANT.nhours_x3.2020-02-04-10800.nc[0m
        f: 016  file: [33m/global/cfs/cdirs/e3sm/terai/SCREAM/v1_production/FourSeasons/ne1024pg2_ne1024pg2_DY2/output.scream.HorizWinds.INSTANT.nhours_x3.2020-02-05-10800.nc[0m
        f: 017  file: [33m/global/cfs/cdirs/e3sm/terai/SCREAM/v1_production/FourSeasons/ne1024pg2_ne1024pg2_DY2/output.scream.HorizWinds.INSTANT.nhours_x3.2020-02-06-10800.nc[0m
        f: 018  file: [33m/global/cfs/cdirs/e3sm/terai/SCREAM/v1_production/FourSeasons/ne1024pg2_ne1024pg2_DY2/output.scream.HorizWinds.INSTANT.nhours_x3.2020-02-07-10800.nc[0m
        f: 019  file: [33m/global/cfs/cdirs/e3sm/terai/SCREAM/v1_production/FourSeasons/ne1024pg2_ne1024pg2_DY2/output.scream.HorizWinds.INSTANT.nhours_x3.2020-02-08-10800.nc[0m
        f: 020  file: [33m/global/cfs/cdirs/e3sm/terai/SCREAM/v1_production/FourSeasons/ne1024pg2_ne1024pg2_DY2/output.scream.HorizWinds.INSTANT.nhours_x3.2020-02-09-10800.nc[0m
        f: 021  file: [33m/global/cfs/cdirs/e3sm/terai/SCREAM/v1_production/FourSeasons/ne1024pg2_ne1024pg2_DY2/output.scream.HorizWinds.INSTANT.nhours_x3.2020-02-10-10800.nc[0m
        f: 022  file: [33m/global/cfs/cdirs/e3sm/terai/SCREAM/v1_production/FourSeasons/ne1024pg2_ne1024pg2_DY2/output.scream.HorizWinds.INSTANT.nhours_x3.2020-02-11-10800.nc[0m
        f: 023  file: [33m/global/cfs/cdirs/e3sm/terai/SCREAM/v1_production/FourSeasons/ne1024pg2_ne1024pg2_DY2/output.scream.HorizWinds.INSTANT.nhours_x3.2020-02-12-10800.nc[0m
        f: 024  file: [33m/global/cfs/cdirs/e3sm/terai/SCREAM/v1_production/FourSeasons/ne1024pg2_ne1024pg2_DY2/output.scream.HorizWinds.INSTANT.nhours_x3.2020-02-13-10800.nc[0m
        f: 025  file: [33m/global/cfs/cdirs/e3sm/terai/SCREAM/v1_production/FourSeasons/ne1024pg2_ne1024pg2_DY2/output.scream.HorizWinds.INSTANT.nhours_x3.2020-02-14-10800.nc[0m
        f: 026  file: [33m/global/cfs/cdirs/e3sm/terai/SCREAM/v1_production/FourSeasons/ne1024pg2_ne1024pg2_DY2/output.scream.HorizWinds.INSTANT.nhours_x3.2020-02-15-10800.nc[0m
        f: 027  file: [33m/global/cfs/cdirs/e3sm/terai/SCREAM/v1_production/FourSeasons/ne1024pg2_ne1024pg2_DY2/output.scream.HorizWinds.INSTANT.nhours_x3.2020-02-16-10800.nc[0m
        f: 028  file: [33m/global/cfs/cdirs/e3sm/terai/SCREAM/v1_production/FourSeasons/ne1024pg2_ne1024pg2_DY2/output.scream.HorizWinds.INSTANT.nhours_x3.2020-02-17-10800.nc[0m
        f: 029  file: [33m/global/cfs/cdirs/e3sm/terai/SCREAM/v1_production/FourSeasons/ne1024pg2_ne1024pg2_DY2/output.scream.HorizWinds.INSTANT.nhours_x3.2020-02-18-10800.nc[0m
        f: 030  file: [33m/global/cfs/cdirs/e3sm/terai/SCREAM/v1_production/FourSeasons/ne1024pg2_ne1024pg2_DY2/output.scream.HorizWinds.INSTANT.nhours_x3.2020-02-19-10800.nc[0m
        f: 031  file: [33m/global/cfs/cdirs/e3sm/terai/SCREAM/v1_production/FourSeasons/ne1024pg2_ne1024pg2_DY2/output.scream.HorizWinds.INSTANT.nhours_x3.2020-02-20-10800.nc[0m
        f: 032  file: [33m/global/cfs/cdirs/e3sm/terai/SCREAM/v1_production/FourSeasons/ne1024pg2_ne1024pg2_DY2/output.scream.HorizWinds.INSTANT.nhours_x3.2020-02-21-10800.nc[0m
        f: 033  file: [33m/global/cfs/cdirs/e3sm/terai/SCREAM/v1_production/FourSeasons/ne1024pg2_ne1024pg2_DY2/output.scream.HorizWinds.INSTANT.nhours_x3.2020-02-22-10800.nc[0m
        f: 034  file: [33m/global/cfs/cdirs/e3sm/terai/SCREAM/v1_production/FourSeasons/ne1024pg2_ne1024pg2_DY2/output.scream.HorizWinds.INSTANT.nhours_x3.2020-02-23-10800.nc[0m
        f: 035  file: [33m/global/cfs/cdirs/e3sm/terai/SCREAM/v1_production/FourSeasons/ne1024pg2_ne1024pg2_DY2/output.scream.HorizWinds.INSTANT.nhours_x3.2020-02-24-10800.nc[0m
        f: 036  file: [33m/global/cfs/cdirs/e3sm/terai/SCREAM/v1_production/FourSeasons/ne1024pg2_ne1024pg2_DY2/output.scream.HorizWinds.INSTANT.nhours_x3.2020-02-25-10800.nc[0m
        f: 037  file: [33m/global/cfs/cdirs/e3sm/terai/SCREAM/v1_production/FourSeasons/ne1024pg2_ne1024pg2_DY2/output.scream.HorizWinds.INSTANT.nhours_x3.2020-02-26-10800.nc[0m
        f: 038  file: [33m/global/cfs/cdirs/e3sm/terai/SCREAM/v1_production/FourSeasons/ne1024pg2_ne1024pg2_DY2/output.scream.HorizWinds.INSTANT.nhours_x3.2020-02-27-10800.nc[0m
        f: 039  file: [33m/global/cfs/cdirs/e3sm/terai/SCREAM/v1_production/FourSeasons/ne1024pg2_ne1024pg2_DY2/output.scream.HorizWinds.INSTANT.nhours_x3.2020-02-28-10800.nc[0m
      horiz_winds     min: -35.0950   avg: 6.3760   max: 48.6044   shp: (19, 721)
      Writing data to file: data/zonal_mean.v1.tmp.horiz_winds.ne1024pg2_ne1024pg2_DY2.nc.nc

    case: [36mne1024pg2_ne1024pg2_Apr2013[0m
      recalculating...
      Loading data (U)...
        f: 000  file: [33m/global/cfs/cdirs/e3sm/terai/SCREAM/v1_production/FourSeasons/ne1024pg2_ne1024pg2_Apr2013/output.scream.HorizWinds.INSTANT.nhours_x3.2013-04-01-10800.nc[0m
        f: 001  file: [33m/global/cfs/cdirs/e3sm/terai/SCREAM/v1_production/FourSeasons/ne1024pg2_ne1024pg2_Apr2013/output.scream.HorizWinds.INSTANT.nhours_x3.2013-04-02-10800.nc[0m
        f: 002  file: [33m/global/cfs/cdirs/e3sm/terai/SCREAM/v1_production/FourSeasons/ne1024pg2_ne1024pg2_Apr2013/output.scream.HorizWinds.INSTANT.nhours_x3.2013-04-03-10800.nc[0m
        f: 003  file: [33m/global/cfs/cdirs/e3sm/terai/SCREAM/v1_production/FourSeasons/ne1024pg2_ne1024pg2_Apr2013/output.scream.HorizWinds.INSTANT.nhours_x3.2013-04-04-10800.nc[0m
        f: 004  file: [33m/global/cfs/cdirs/e3sm/terai/SCREAM/v1_production/FourSeasons/ne1024pg2_ne1024pg2_Apr2013/output.scream.HorizWinds.INSTANT.nhours_x3.2013-04-05-10800.nc[0m
        f: 005  file: [33m/global/cfs/cdirs/e3sm/terai/SCREAM/v1_production/FourSeasons/ne1024pg2_ne1024pg2_Apr2013/output.scream.HorizWinds.INSTANT.nhours_x3.2013-04-06-10800.nc[0m
        f: 006  file: [33m/global/cfs/cdirs/e3sm/terai/SCREAM/v1_production/FourSeasons/ne1024pg2_ne1024pg2_Apr2013/output.scream.HorizWinds.INSTANT.nhours_x3.2013-04-07-10800.nc[0m
        f: 007  file: [33m/global/cfs/cdirs/e3sm/terai/SCREAM/v1_production/FourSeasons/ne1024pg2_ne1024pg2_Apr2013/output.scream.HorizWinds.INSTANT.nhours_x3.2013-04-08-10800.nc[0m
        f: 008  file: [33m/global/cfs/cdirs/e3sm/terai/SCREAM/v1_production/FourSeasons/ne1024pg2_ne1024pg2_Apr2013/output.scream.HorizWinds.INSTANT.nhours_x3.2013-04-09-10800.nc[0m
        f: 009  file: [33m/global/cfs/cdirs/e3sm/terai/SCREAM/v1_production/FourSeasons/ne1024pg2_ne1024pg2_Apr2013/output.scream.HorizWinds.INSTANT.nhours_x3.2013-04-10-10800.nc[0m
        f: 010  file: [33m/global/cfs/cdirs/e3sm/terai/SCREAM/v1_production/FourSeasons/ne1024pg2_ne1024pg2_Apr2013/output.scream.HorizWinds.INSTANT.nhours_x3.2013-04-11-10800.nc[0m
        f: 011  file: [33m/global/cfs/cdirs/e3sm/terai/SCREAM/v1_production/FourSeasons/ne1024pg2_ne1024pg2_Apr2013/output.scream.HorizWinds.INSTANT.nhours_x3.2013-04-12-10800.nc[0m
        f: 012  file: [33m/global/cfs/cdirs/e3sm/terai/SCREAM/v1_production/FourSeasons/ne1024pg2_ne1024pg2_Apr2013/output.scream.HorizWinds.INSTANT.nhours_x3.2013-04-13-10800.nc[0m
        f: 013  file: [33m/global/cfs/cdirs/e3sm/terai/SCREAM/v1_production/FourSeasons/ne1024pg2_ne1024pg2_Apr2013/output.scream.HorizWinds.INSTANT.nhours_x3.2013-04-14-10800.nc[0m
        f: 014  file: [33m/global/cfs/cdirs/e3sm/terai/SCREAM/v1_production/FourSeasons/ne1024pg2_ne1024pg2_Apr2013/output.scream.HorizWinds.INSTANT.nhours_x3.2013-04-15-10800.nc[0m
        f: 015  file: [33m/global/cfs/cdirs/e3sm/terai/SCREAM/v1_production/FourSeasons/ne1024pg2_ne1024pg2_Apr2013/output.scream.HorizWinds.INSTANT.nhours_x3.2013-04-16-10800.nc[0m
        f: 016  file: [33m/global/cfs/cdirs/e3sm/terai/SCREAM/v1_production/FourSeasons/ne1024pg2_ne1024pg2_Apr2013/output.scream.HorizWinds.INSTANT.nhours_x3.2013-04-17-10800.nc[0m
        f: 017  file: [33m/global/cfs/cdirs/e3sm/terai/SCREAM/v1_production/FourSeasons/ne1024pg2_ne1024pg2_Apr2013/output.scream.HorizWinds.INSTANT.nhours_x3.2013-04-18-10800.nc[0m
        f: 018  file: [33m/global/cfs/cdirs/e3sm/terai/SCREAM/v1_production/FourSeasons/ne1024pg2_ne1024pg2_Apr2013/output.scream.HorizWinds.INSTANT.nhours_x3.2013-04-19-10800.nc[0m
        f: 019  file: [33m/global/cfs/cdirs/e3sm/terai/SCREAM/v1_production/FourSeasons/ne1024pg2_ne1024pg2_Apr2013/output.scream.HorizWinds.INSTANT.nhours_x3.2013-04-20-10800.nc[0m
        f: 020  file: [33m/global/cfs/cdirs/e3sm/terai/SCREAM/v1_production/FourSeasons/ne1024pg2_ne1024pg2_Apr2013/output.scream.HorizWinds.INSTANT.nhours_x3.2013-04-21-10800.nc[0m
        f: 021  file: [33m/global/cfs/cdirs/e3sm/terai/SCREAM/v1_production/FourSeasons/ne1024pg2_ne1024pg2_Apr2013/output.scream.HorizWinds.INSTANT.nhours_x3.2013-04-22-10800.nc[0m
        f: 022  file: [33m/global/cfs/cdirs/e3sm/terai/SCREAM/v1_production/FourSeasons/ne1024pg2_ne1024pg2_Apr2013/output.scream.HorizWinds.INSTANT.nhours_x3.2013-04-23-10800.nc[0m
        f: 023  file: [33m/global/cfs/cdirs/e3sm/terai/SCREAM/v1_production/FourSeasons/ne1024pg2_ne1024pg2_Apr2013/output.scream.HorizWinds.INSTANT.nhours_x3.2013-04-24-10800.nc[0m
        f: 024  file: [33m/global/cfs/cdirs/e3sm/terai/SCREAM/v1_production/FourSeasons/ne1024pg2_ne1024pg2_Apr2013/output.scream.HorizWinds.INSTANT.nhours_x3.2013-04-25-10800.nc[0m
        f: 025  file: [33m/global/cfs/cdirs/e3sm/terai/SCREAM/v1_production/FourSeasons/ne1024pg2_ne1024pg2_Apr2013/output.scream.HorizWinds.INSTANT.nhours_x3.2013-04-26-10800.nc[0m
        f: 026  file: [33m/global/cfs/cdirs/e3sm/terai/SCREAM/v1_production/FourSeasons/ne1024pg2_ne1024pg2_Apr2013/output.scream.HorizWinds.INSTANT.nhours_x3.2013-04-27-10800.nc[0m
        f: 027  file: [33m/global/cfs/cdirs/e3sm/terai/SCREAM/v1_production/FourSeasons/ne1024pg2_ne1024pg2_Apr2013/output.scream.HorizWinds.INSTANT.nhours_x3.2013-04-28-10800.nc[0m
        f: 028  file: [33m/global/cfs/cdirs/e3sm/terai/SCREAM/v1_production/FourSeasons/ne1024pg2_ne1024pg2_Apr2013/output.scream.HorizWinds.INSTANT.nhours_x3.2013-04-29-10800.nc[0m
        f: 029  file: [33m/global/cfs/cdirs/e3sm/terai/SCREAM/v1_production/FourSeasons/ne1024pg2_ne1024pg2_Apr2013/output.scream.HorizWinds.INSTANT.nhours_x3.2013-04-30-10800.nc[0m
        f: 030  file: [33m/global/cfs/cdirs/e3sm/terai/SCREAM/v1_production/FourSeasons/ne1024pg2_ne1024pg2_Apr2013/output.scream.HorizWinds.INSTANT.nhours_x3.2013-05-01-10800.nc[0m
        f: 031  file: [33m/global/cfs/cdirs/e3sm/terai/SCREAM/v1_production/FourSeasons/ne1024pg2_ne1024pg2_Apr2013/output.scream.HorizWinds.INSTANT.nhours_x3.2013-05-02-10800.nc[0m
        f: 032  file: [33m/global/cfs/cdirs/e3sm/terai/SCREAM/v1_production/FourSeasons/ne1024pg2_ne1024pg2_Apr2013/output.scream.HorizWinds.INSTANT.nhours_x3.2013-05-03-10800.nc[0m
        f: 033  file: [33m/global/cfs/cdirs/e3sm/terai/SCREAM/v1_production/FourSeasons/ne1024pg2_ne1024pg2_Apr2013/output.scream.HorizWinds.INSTANT.nhours_x3.2013-05-04-10800.nc[0m
        f: 034  file: [33m/global/cfs/cdirs/e3sm/terai/SCREAM/v1_production/FourSeasons/ne1024pg2_ne1024pg2_Apr2013/output.scream.HorizWinds.INSTANT.nhours_x3.2013-05-05-10800.nc[0m
        f: 035  file: [33m/global/cfs/cdirs/e3sm/terai/SCREAM/v1_production/FourSeasons/ne1024pg2_ne1024pg2_Apr2013/output.scream.HorizWinds.INSTANT.nhours_x3.2013-05-06-10800.nc[0m
        f: 036  file: [33m/global/cfs/cdirs/e3sm/terai/SCREAM/v1_production/FourSeasons/ne1024pg2_ne1024pg2_Apr2013/output.scream.HorizWinds.INSTANT.nhours_x3.2013-05-07-10800.nc[0m
        f: 037  file: [33m/global/cfs/cdirs/e3sm/terai/SCREAM/v1_production/FourSeasons/ne1024pg2_ne1024pg2_Apr2013/output.scream.HorizWinds.INSTANT.nhours_x3.2013-05-08-10800.nc[0m
        f: 038  file: [33m/global/cfs/cdirs/e3sm/terai/SCREAM/v1_production/FourSeasons/ne1024pg2_ne1024pg2_Apr2013/output.scream.HorizWinds.INSTANT.nhours_x3.2013-05-09-10800.nc[0m
        f: 039  file: [33m/global/cfs/cdirs/e3sm/terai/SCREAM/v1_production/FourSeasons/ne1024pg2_ne1024pg2_Apr2013/output.scream.HorizWinds.INSTANT.nhours_x3.2013-05-10-10800.nc[0m
      horiz_winds     min: -22.0390   avg: 8.5069   max: 45.0379   shp: (19, 721)
      Writing data to file: data/zonal_mean.v1.tmp.horiz_winds.ne1024pg2_ne1024pg2_Apr2013.nc.nc

    case: [36mne1024pg2_ne1024pg2_DY1[0m
      recalculating...
      Loading data (U)...
        f: 000  file: [33m/global/cfs/cdirs/e3sm/terai/SCREAM/v1_production/FourSeasons/ne1024pg2_ne1024pg2_DY1/output.scream.HorizWinds.INSTANT.nhours_x3.2016-08-11-10800.nc[0m
        f: 001  file: [33m/global/cfs/cdirs/e3sm/terai/SCREAM/v1_production/FourSeasons/ne1024pg2_ne1024pg2_DY1/output.scream.HorizWinds.INSTANT.nhours_x3.2016-08-12-10800.nc[0m
        f: 002  file: [33m/global/cfs/cdirs/e3sm/terai/SCREAM/v1_production/FourSeasons/ne1024pg2_ne1024pg2_DY1/output.scream.HorizWinds.INSTANT.nhours_x3.2016-08-13-10800.nc[0m
        f: 003  file: [33m/global/cfs/cdirs/e3sm/terai/SCREAM/v1_production/FourSeasons/ne1024pg2_ne1024pg2_DY1/output.scream.HorizWinds.INSTANT.nhours_x3.2016-08-14-10800.nc[0m
        f: 004  file: [33m/global/cfs/cdirs/e3sm/terai/SCREAM/v1_production/FourSeasons/ne1024pg2_ne1024pg2_DY1/output.scream.HorizWinds.INSTANT.nhours_x3.2016-08-15-10800.nc[0m
        f: 005  file: [33m/global/cfs/cdirs/e3sm/terai/SCREAM/v1_production/FourSeasons/ne1024pg2_ne1024pg2_DY1/output.scream.HorizWinds.INSTANT.nhours_x3.2016-08-16-10800.nc[0m
        f: 006  file: [33m/global/cfs/cdirs/e3sm/terai/SCREAM/v1_production/FourSeasons/ne1024pg2_ne1024pg2_DY1/output.scream.HorizWinds.INSTANT.nhours_x3.2016-08-17-10800.nc[0m
        f: 007  file: [33m/global/cfs/cdirs/e3sm/terai/SCREAM/v1_production/FourSeasons/ne1024pg2_ne1024pg2_DY1/output.scream.HorizWinds.INSTANT.nhours_x3.2016-08-18-10800.nc[0m
        f: 008  file: [33m/global/cfs/cdirs/e3sm/terai/SCREAM/v1_production/FourSeasons/ne1024pg2_ne1024pg2_DY1/output.scream.HorizWinds.INSTANT.nhours_x3.2016-08-19-10800.nc[0m
        f: 009  file: [33m/global/cfs/cdirs/e3sm/terai/SCREAM/v1_production/FourSeasons/ne1024pg2_ne1024pg2_DY1/output.scream.HorizWinds.INSTANT.nhours_x3.2016-08-20-10800.nc[0m
        f: 010  file: [33m/global/cfs/cdirs/e3sm/terai/SCREAM/v1_production/FourSeasons/ne1024pg2_ne1024pg2_DY1/output.scream.HorizWinds.INSTANT.nhours_x3.2016-08-21-10800.nc[0m
        f: 011  file: [33m/global/cfs/cdirs/e3sm/terai/SCREAM/v1_production/FourSeasons/ne1024pg2_ne1024pg2_DY1/output.scream.HorizWinds.INSTANT.nhours_x3.2016-08-22-10800.nc[0m
        f: 012  file: [33m/global/cfs/cdirs/e3sm/terai/SCREAM/v1_production/FourSeasons/ne1024pg2_ne1024pg2_DY1/output.scream.HorizWinds.INSTANT.nhours_x3.2016-08-23-10800.nc[0m
        f: 013  file: [33m/global/cfs/cdirs/e3sm/terai/SCREAM/v1_production/FourSeasons/ne1024pg2_ne1024pg2_DY1/output.scream.HorizWinds.INSTANT.nhours_x3.2016-08-24-10800.nc[0m
        f: 014  file: [33m/global/cfs/cdirs/e3sm/terai/SCREAM/v1_production/FourSeasons/ne1024pg2_ne1024pg2_DY1/output.scream.HorizWinds.INSTANT.nhours_x3.2016-08-25-10800.nc[0m
        f: 015  file: [33m/global/cfs/cdirs/e3sm/terai/SCREAM/v1_production/FourSeasons/ne1024pg2_ne1024pg2_DY1/output.scream.HorizWinds.INSTANT.nhours_x3.2016-08-26-10800.nc[0m
        f: 016  file: [33m/global/cfs/cdirs/e3sm/terai/SCREAM/v1_production/FourSeasons/ne1024pg2_ne1024pg2_DY1/output.scream.HorizWinds.INSTANT.nhours_x3.2016-08-27-10800.nc[0m
        f: 017  file: [33m/global/cfs/cdirs/e3sm/terai/SCREAM/v1_production/FourSeasons/ne1024pg2_ne1024pg2_DY1/output.scream.HorizWinds.INSTANT.nhours_x3.2016-08-28-10800.nc[0m
        f: 018  file: [33m/global/cfs/cdirs/e3sm/terai/SCREAM/v1_production/FourSeasons/ne1024pg2_ne1024pg2_DY1/output.scream.HorizWinds.INSTANT.nhours_x3.2016-08-29-10800.nc[0m
        f: 019  file: [33m/global/cfs/cdirs/e3sm/terai/SCREAM/v1_production/FourSeasons/ne1024pg2_ne1024pg2_DY1/output.scream.HorizWinds.INSTANT.nhours_x3.2016-08-30-10800.nc[0m
        f: 020  file: [33m/global/cfs/cdirs/e3sm/terai/SCREAM/v1_production/FourSeasons/ne1024pg2_ne1024pg2_DY1/output.scream.HorizWinds.INSTANT.nhours_x3.2016-08-31-10800.nc[0m
        f: 021  file: [33m/global/cfs/cdirs/e3sm/terai/SCREAM/v1_production/FourSeasons/ne1024pg2_ne1024pg2_DY1/output.scream.HorizWinds.INSTANT.nhours_x3.2016-09-01-10800.nc[0m
        f: 022  file: [33m/global/cfs/cdirs/e3sm/terai/SCREAM/v1_production/FourSeasons/ne1024pg2_ne1024pg2_DY1/output.scream.HorizWinds.INSTANT.nhours_x3.2016-09-02-10800.nc[0m
        f: 023  file: [33m/global/cfs/cdirs/e3sm/terai/SCREAM/v1_production/FourSeasons/ne1024pg2_ne1024pg2_DY1/output.scream.HorizWinds.INSTANT.nhours_x3.2016-09-03-10800.nc[0m
        f: 024  file: [33m/global/cfs/cdirs/e3sm/terai/SCREAM/v1_production/FourSeasons/ne1024pg2_ne1024pg2_DY1/output.scream.HorizWinds.INSTANT.nhours_x3.2016-09-04-10800.nc[0m
        f: 025  file: [33m/global/cfs/cdirs/e3sm/terai/SCREAM/v1_production/FourSeasons/ne1024pg2_ne1024pg2_DY1/output.scream.HorizWinds.INSTANT.nhours_x3.2016-09-05-10800.nc[0m
        f: 026  file: [33m/global/cfs/cdirs/e3sm/terai/SCREAM/v1_production/FourSeasons/ne1024pg2_ne1024pg2_DY1/output.scream.HorizWinds.INSTANT.nhours_x3.2016-09-06-10800.nc[0m
        f: 027  file: [33m/global/cfs/cdirs/e3sm/terai/SCREAM/v1_production/FourSeasons/ne1024pg2_ne1024pg2_DY1/output.scream.HorizWinds.INSTANT.nhours_x3.2016-09-07-10800.nc[0m
        f: 028  file: [33m/global/cfs/cdirs/e3sm/terai/SCREAM/v1_production/FourSeasons/ne1024pg2_ne1024pg2_DY1/output.scream.HorizWinds.INSTANT.nhours_x3.2016-09-08-10800.nc[0m
        f: 029  file: [33m/global/cfs/cdirs/e3sm/terai/SCREAM/v1_production/FourSeasons/ne1024pg2_ne1024pg2_DY1/output.scream.HorizWinds.INSTANT.nhours_x3.2016-09-09-10800.nc[0m
      horiz_winds     min: -27.2655   avg: 7.1466   max: 96.6624   shp: (19, 721)
      Writing data to file: data/zonal_mean.v1.tmp.horiz_winds.ne1024pg2_ne1024pg2_DY1.nc.nc

    case: [36mne1024pg2_ne1024pg2_Oct2013[0m
      recalculating...
      Loading data (U)...
        f: 000  file: [33m/global/cfs/cdirs/e3sm/terai/SCREAM/v1_production/FourSeasons/ne1024pg2_ne1024pg2_Oct2013/output.scream.HorizWinds.INSTANT.nhours_x3.2013-10-01-10800.nc[0m
        f: 001  file: [33m/global/cfs/cdirs/e3sm/terai/SCREAM/v1_production/FourSeasons/ne1024pg2_ne1024pg2_Oct2013/output.scream.HorizWinds.INSTANT.nhours_x3.2013-10-02-10800.nc[0m
        f: 002  file: [33m/global/cfs/cdirs/e3sm/terai/SCREAM/v1_production/FourSeasons/ne1024pg2_ne1024pg2_Oct2013/output.scream.HorizWinds.INSTANT.nhours_x3.2013-10-03-10800.nc[0m
        f: 003  file: [33m/global/cfs/cdirs/e3sm/terai/SCREAM/v1_production/FourSeasons/ne1024pg2_ne1024pg2_Oct2013/output.scream.HorizWinds.INSTANT.nhours_x3.2013-10-04-10800.nc[0m
        f: 004  file: [33m/global/cfs/cdirs/e3sm/terai/SCREAM/v1_production/FourSeasons/ne1024pg2_ne1024pg2_Oct2013/output.scream.HorizWinds.INSTANT.nhours_x3.2013-10-05-10800.nc[0m
        f: 005  file: [33m/global/cfs/cdirs/e3sm/terai/SCREAM/v1_production/FourSeasons/ne1024pg2_ne1024pg2_Oct2013/output.scream.HorizWinds.INSTANT.nhours_x3.2013-10-06-10800.nc[0m
        f: 006  file: [33m/global/cfs/cdirs/e3sm/terai/SCREAM/v1_production/FourSeasons/ne1024pg2_ne1024pg2_Oct2013/output.scream.HorizWinds.INSTANT.nhours_x3.2013-10-07-10800.nc[0m
        f: 007  file: [33m/global/cfs/cdirs/e3sm/terai/SCREAM/v1_production/FourSeasons/ne1024pg2_ne1024pg2_Oct2013/output.scream.HorizWinds.INSTANT.nhours_x3.2013-10-08-10800.nc[0m
        f: 008  file: [33m/global/cfs/cdirs/e3sm/terai/SCREAM/v1_production/FourSeasons/ne1024pg2_ne1024pg2_Oct2013/output.scream.HorizWinds.INSTANT.nhours_x3.2013-10-09-10800.nc[0m
        f: 009  file: [33m/global/cfs/cdirs/e3sm/terai/SCREAM/v1_production/FourSeasons/ne1024pg2_ne1024pg2_Oct2013/output.scream.HorizWinds.INSTANT.nhours_x3.2013-10-10-10800.nc[0m
        f: 010  file: [33m/global/cfs/cdirs/e3sm/terai/SCREAM/v1_production/FourSeasons/ne1024pg2_ne1024pg2_Oct2013/output.scream.HorizWinds.INSTANT.nhours_x3.2013-10-11-10800.nc[0m
        f: 011  file: [33m/global/cfs/cdirs/e3sm/terai/SCREAM/v1_production/FourSeasons/ne1024pg2_ne1024pg2_Oct2013/output.scream.HorizWinds.INSTANT.nhours_x3.2013-10-12-10800.nc[0m
        f: 012  file: [33m/global/cfs/cdirs/e3sm/terai/SCREAM/v1_production/FourSeasons/ne1024pg2_ne1024pg2_Oct2013/output.scream.HorizWinds.INSTANT.nhours_x3.2013-10-13-10800.nc[0m
        f: 013  file: [33m/global/cfs/cdirs/e3sm/terai/SCREAM/v1_production/FourSeasons/ne1024pg2_ne1024pg2_Oct2013/output.scream.HorizWinds.INSTANT.nhours_x3.2013-10-14-10800.nc[0m
        f: 014  file: [33m/global/cfs/cdirs/e3sm/terai/SCREAM/v1_production/FourSeasons/ne1024pg2_ne1024pg2_Oct2013/output.scream.HorizWinds.INSTANT.nhours_x3.2013-10-15-10800.nc[0m
        f: 015  file: [33m/global/cfs/cdirs/e3sm/terai/SCREAM/v1_production/FourSeasons/ne1024pg2_ne1024pg2_Oct2013/output.scream.HorizWinds.INSTANT.nhours_x3.2013-10-16-10800.nc[0m
        f: 016  file: [33m/global/cfs/cdirs/e3sm/terai/SCREAM/v1_production/FourSeasons/ne1024pg2_ne1024pg2_Oct2013/output.scream.HorizWinds.INSTANT.nhours_x3.2013-10-17-10800.nc[0m
        f: 017  file: [33m/global/cfs/cdirs/e3sm/terai/SCREAM/v1_production/FourSeasons/ne1024pg2_ne1024pg2_Oct2013/output.scream.HorizWinds.INSTANT.nhours_x3.2013-10-18-10800.nc[0m
        f: 018  file: [33m/global/cfs/cdirs/e3sm/terai/SCREAM/v1_production/FourSeasons/ne1024pg2_ne1024pg2_Oct2013/output.scream.HorizWinds.INSTANT.nhours_x3.2013-10-19-10800.nc[0m
        f: 019  file: [33m/global/cfs/cdirs/e3sm/terai/SCREAM/v1_production/FourSeasons/ne1024pg2_ne1024pg2_Oct2013/output.scream.HorizWinds.INSTANT.nhours_x3.2013-10-20-10800.nc[0m
        f: 020  file: [33m/global/cfs/cdirs/e3sm/terai/SCREAM/v1_production/FourSeasons/ne1024pg2_ne1024pg2_Oct2013/output.scream.HorizWinds.INSTANT.nhours_x3.2013-10-21-10800.nc[0m
        f: 021  file: [33m/global/cfs/cdirs/e3sm/terai/SCREAM/v1_production/FourSeasons/ne1024pg2_ne1024pg2_Oct2013/output.scream.HorizWinds.INSTANT.nhours_x3.2013-10-22-10800.nc[0m
        f: 022  file: [33m/global/cfs/cdirs/e3sm/terai/SCREAM/v1_production/FourSeasons/ne1024pg2_ne1024pg2_Oct2013/output.scream.HorizWinds.INSTANT.nhours_x3.2013-10-23-10800.nc[0m
        f: 023  file: [33m/global/cfs/cdirs/e3sm/terai/SCREAM/v1_production/FourSeasons/ne1024pg2_ne1024pg2_Oct2013/output.scream.HorizWinds.INSTANT.nhours_x3.2013-10-24-10800.nc[0m
        f: 024  file: [33m/global/cfs/cdirs/e3sm/terai/SCREAM/v1_production/FourSeasons/ne1024pg2_ne1024pg2_Oct2013/output.scream.HorizWinds.INSTANT.nhours_x3.2013-10-25-10800.nc[0m
        f: 025  file: [33m/global/cfs/cdirs/e3sm/terai/SCREAM/v1_production/FourSeasons/ne1024pg2_ne1024pg2_Oct2013/output.scream.HorizWinds.INSTANT.nhours_x3.2013-10-26-10800.nc[0m
        f: 026  file: [33m/global/cfs/cdirs/e3sm/terai/SCREAM/v1_production/FourSeasons/ne1024pg2_ne1024pg2_Oct2013/output.scream.HorizWinds.INSTANT.nhours_x3.2013-10-27-10800.nc[0m
        f: 027  file: [33m/global/cfs/cdirs/e3sm/terai/SCREAM/v1_production/FourSeasons/ne1024pg2_ne1024pg2_Oct2013/output.scream.HorizWinds.INSTANT.nhours_x3.2013-10-28-10800.nc[0m
        f: 028  file: [33m/global/cfs/cdirs/e3sm/terai/SCREAM/v1_production/FourSeasons/ne1024pg2_ne1024pg2_Oct2013/output.scream.HorizWinds.INSTANT.nhours_x3.2013-10-29-10800.nc[0m
        f: 029  file: [33m/global/cfs/cdirs/e3sm/terai/SCREAM/v1_production/FourSeasons/ne1024pg2_ne1024pg2_Oct2013/output.scream.HorizWinds.INSTANT.nhours_x3.2013-10-30-10800.nc[0m
        f: 030  file: [33m/global/cfs/cdirs/e3sm/terai/SCREAM/v1_production/FourSeasons/ne1024pg2_ne1024pg2_Oct2013/output.scream.HorizWinds.INSTANT.nhours_x3.2013-10-31-10800.nc[0m
        f: 031  file: [33m/global/cfs/cdirs/e3sm/terai/SCREAM/v1_production/FourSeasons/ne1024pg2_ne1024pg2_Oct2013/output.scream.HorizWinds.INSTANT.nhours_x3.2013-11-01-10800.nc[0m
        f: 032  file: [33m/global/cfs/cdirs/e3sm/terai/SCREAM/v1_production/FourSeasons/ne1024pg2_ne1024pg2_Oct2013/output.scream.HorizWinds.INSTANT.nhours_x3.2013-11-02-10800.nc[0m
        f: 033  file: [33m/global/cfs/cdirs/e3sm/terai/SCREAM/v1_production/FourSeasons/ne1024pg2_ne1024pg2_Oct2013/output.scream.HorizWinds.INSTANT.nhours_x3.2013-11-03-10800.nc[0m
        f: 034  file: [33m/global/cfs/cdirs/e3sm/terai/SCREAM/v1_production/FourSeasons/ne1024pg2_ne1024pg2_Oct2013/output.scream.HorizWinds.INSTANT.nhours_x3.2013-11-04-10800.nc[0m
        f: 035  file: [33m/global/cfs/cdirs/e3sm/terai/SCREAM/v1_production/FourSeasons/ne1024pg2_ne1024pg2_Oct2013/output.scream.HorizWinds.INSTANT.nhours_x3.2013-11-05-10800.nc[0m
        f: 036  file: [33m/global/cfs/cdirs/e3sm/terai/SCREAM/v1_production/FourSeasons/ne1024pg2_ne1024pg2_Oct2013/output.scream.HorizWinds.INSTANT.nhours_x3.2013-11-06-10800.nc[0m
        f: 037  file: [33m/global/cfs/cdirs/e3sm/terai/SCREAM/v1_production/FourSeasons/ne1024pg2_ne1024pg2_Oct2013/output.scream.HorizWinds.INSTANT.nhours_x3.2013-11-07-10800.nc[0m
        f: 038  file: [33m/global/cfs/cdirs/e3sm/terai/SCREAM/v1_production/FourSeasons/ne1024pg2_ne1024pg2_Oct2013/output.scream.HorizWinds.INSTANT.nhours_x3.2013-11-08-10800.nc[0m
        f: 039  file: [33m/global/cfs/cdirs/e3sm/terai/SCREAM/v1_production/FourSeasons/ne1024pg2_ne1024pg2_Oct2013/output.scream.HorizWinds.INSTANT.nhours_x3.2013-11-09-10800.nc[0m
      horiz_winds     min: -23.6700   avg: 6.8606   max: 34.9306   shp: (19, 721)
      Writing data to file: data/zonal_mean.v1.tmp.horiz_winds.ne1024pg2_ne1024pg2_Oct2013.nc.nc

figs/zonal_mean.v1.png

128.81user 274.74system 7:54.68elapsed 85%CPU (0avgtext+0avgdata 1737300maxresident)k
0inputs+0outputs (0major+86794037minor)pagefaults 0swaps
